16/11/2018 1:33:41 PM Synchronize Gradle projects with workspace failed due to an error configuring Eclipse.
org.eclipse.core.internal.resources.ResourceException: Invalid project description.
org.eclipse.buildship.core.GradlePluginsRuntimeException: org.eclipse.core.internal.resources.ResourceException: Invalid project description.
	at org.eclipse.buildship.core.workspace.internal.DefaultWorkspaceOperations.createProject(DefaultWorkspaceOperations.java:129)
	at org.eclipse.buildship.core.workspace.internal.SynchronizeGradleBuildOperation.addNewEclipseProjectToWorkspace(SynchronizeGradleBuildOperation.java:287)
	at org.eclipse.buildship.core.workspace.internal.SynchronizeGradleBuildOperation.synchronizeNonWorkspaceProject(SynchronizeGradleBuildOperation.java:270)
	at org.eclipse.buildship.core.workspace.internal.SynchronizeGradleBuildOperation.synchronizeGradleProjectWithWorkspaceProject(SynchronizeGradleBuildOperation.java:179)
	at org.eclipse.buildship.core.workspace.internal.SynchronizeGradleBuildOperation.access$000(SynchronizeGradleBuildOperation.java:99)
	at org.eclipse.buildship.core.workspace.internal.SynchronizeGradleBuildOperation$1.run(SynchronizeGradleBuildOperation.java:134)
	at org.eclipse.core.internal.resources.Workspace.run(Workspace.java:2295)
	at org.eclipse.core.internal.resources.Workspace.run(Workspace.java:2317)
	at org.eclipse.buildship.core.workspace.internal.SynchronizeGradleBuildOperation.synchronizeProjectsWithWorkspace(SynchronizeGradleBuildOperation.java:131)
	at org.eclipse.buildship.core.workspace.internal.SynchronizeGradleBuildOperation.run(SynchronizeGradleBuildOperation.java:115)
	at org.eclipse.buildship.core.workspace.internal.SynchronizeGradleBuildsJob.synchronizeBuild(SynchronizeGradleBuildsJob.java:85)
	at org.eclipse.buildship.core.workspace.internal.SynchronizeGradleBuildsJob.runToolingApiJob(SynchronizeGradleBuildsJob.java:73)
	at org.eclipse.buildship.core.util.progress.ToolingApiJob$1.run(ToolingApiJob.java:73)
	at org.eclipse.buildship.core.util.progress.ToolingApiInvoker.invoke(ToolingApiInvoker.java:62)
	at org.eclipse.buildship.core.util.progress.ToolingApiJob.run(ToolingApiJob.java:70)
	at org.eclipse.core.internal.jobs.Worker.run(Worker.java:63)
Caused by: org.eclipse.core.internal.resources.ResourceException: Invalid project description.
	at org.eclipse.core.internal.resources.Project.checkDescription(Project.java:173)
	at org.eclipse.core.internal.resources.Project.assertCreateRequirements(Project.java:57)
	at org.eclipse.core.internal.resources.Project.create(Project.java:267)
	at org.eclipse.core.internal.resources.Project.create(Project.java:251)
	at org.eclipse.buildship.core.workspace.internal.DefaultWorkspaceOperations.createProject(DefaultWorkspaceOperations.java:114)
	... 15 more

